#
# There is insufficient memory for the Java Runtime Environment to continue.
# Native memory allocation (malloc) failed to allocate 289296 bytes for Chunk::new
# Possible reasons:
#   The system is out of physical RAM or swap space
#   The process is running with CompressedOops enabled, and the Java Heap may be blocking the growth of the native heap
# Possible solutions:
#   Reduce memory load on the system
#   Increase physical memory or swap space
#   Check if swap backing store is full
#   Decrease Java heap size (-Xmx/-Xms)
#   Decrease number of Java threads
#   Decrease Java thread stack sizes (-Xss)
#   Set larger code cache with -XX:ReservedCodeCacheSize=
#   JVM is running with Zero Based Compressed Oops mode in which the Java heap is
#     placed in the first 32GB address space. The Java Heap base address is the
#     maximum limit for the native heap growth. Please use -XX:HeapBaseMinAddress
#     to set the Java Heap base and to place the Java Heap above 32GB virtual address.
# This output file may be truncated or incomplete.
#
#  Out of Memory Error (allocation.cpp:389), pid=13960, tid=0x00000000000010c4
#
# JRE version: OpenJDK Runtime Environment (8.0_242-b01) (build 1.8.0_242-release-1644-b01)
# Java VM: OpenJDK 64-Bit Server VM (25.242-b01 mixed mode windows-amd64 compressed oops)
# Failed to write core dump. Minidumps are not enabled by default on client versions of Windows
#

---------------  T H R E A D  ---------------

Current thread (0x000000001ea45800):  JavaThread "C2 CompilerThread0" daemon [_thread_in_native, id=4292, stack(0x000000001f310000,0x000000001f410000)]

Stack: [0x000000001f310000,0x000000001f410000]
[error occurred during error reporting (printing stack bounds), id 0xc0000005]

Native frames: (J=compiled Java code, j=interpreted, Vv=VM code, C=native code)


Current CompileTask:
C2:    410  398   !   4       sun.misc.URLClassPath$JarLoader::getResource (85 bytes)


---------------  P R O C E S S  ---------------

Java Threads: ( => current thread )
  0x000000001eae5000 JavaThread "Service Thread" daemon [_thread_blocked, id=7780, stack(0x000000001f710000,0x000000001f810000)]
  0x000000001ea59000 JavaThread "C1 CompilerThread3" daemon [_thread_blocked, id=2096, stack(0x000000001f610000,0x000000001f710000)]
  0x000000001ea4e800 JavaThread "C2 CompilerThread2" daemon [_thread_in_native, id=5492, stack(0x000000001f510000,0x000000001f610000)]
  0x000000001ea4d000 JavaThread "C2 CompilerThread1" daemon [_thread_in_native, id=928, stack(0x000000001f410000,0x000000001f510000)]
=>0x000000001ea45800 JavaThread "C2 CompilerThread0" daemon [_thread_in_native, id=4292, stack(0x000000001f310000,0x000000001f410000)]
  0x000000001ea44800 JavaThread "Attach Listener" daemon [_thread_blocked, id=924, stack(0x000000001f210000,0x000000001f310000)]
  0x000000001ea43800 JavaThread "Signal Dispatcher" daemon [_thread_blocked, id=9648, stack(0x000000001f110000,0x000000001f210000)]
  0x000000001ea30800 JavaThread "Finalizer" daemon [_thread_blocked, id=11568, stack(0x000000001ef10000,0x000000001f010000)]
  0x000000001cc1b800 JavaThread "Reference Handler" daemon [_thread_blocked, id=5764, stack(0x000000001ee10000,0x000000001ef10000)]
  0x00000000030f2800 JavaThread "main" [_thread_in_Java, id=1760, stack(0x0000000002fe0000,0x00000000030e0000)]

Other Threads:
  0x000000001cc16800 VMThread [stack: 0x000000001e910000,0x000000001ea10000] [id=12624]
  0x000000001eae6000 WatcherThread [stack: 0x000000001f810000,0x000000001f910000] [id=14196]

VM state:not at safepoint (normal execution)

VM Mutex/Monitor currently owned by a thread: None

heap address: 0x00000006c1a00000, size: 4070 MB, Compressed Oops mode: Zero based, Oop shift amount: 3
Narrow klass base: 0x0000000000000000, Narrow klass shift: 3
Compressed class space size: 1073741824 Address: 0x00000007c0000000

Heap:
 PSYoungGen      total 76288K, used 17055K [0x000000076b380000, 0x0000000770880000, 0x00000007c0000000)
  eden space 65536K, 26% used [0x000000076b380000,0x000000076c427f10,0x000000076f380000)
  from space 10752K, 0% used [0x000000076fe00000,0x000000076fe00000,0x0000000770880000)
  to   space 10752K, 0% used [0x000000076f380000,0x000000076f380000,0x000000076fe00000)
 ParOldGen       total 175104K, used 0K [0x00000006c1a00000, 0x00000006cc500000, 0x000000076b380000)
  object space 175104K, 0% used [0x00000006c1a00000,0x00000006c1a00000,0x00000006cc500000)
 Metaspace       used 5538K, capacity 5712K, committed 5888K, reserved 1056768K
  class space    used 663K, capacity 736K, committed 768K, reserved 1048576K

Card table byte_map: [0x00000000125b0000,0x0000000012db0000] byte_map_base: 0x000000000efa3000

Marking Bits: (ParMarkBitMap*) 0x0000000067fef030
 Begin Bits: [0x0000000013b00000, 0x0000000017a98000)
 End Bits:   [0x0000000017a98000, 0x000000001ba30000)

Polling page: 0x0000000001760000

CodeCache: size=245760Kb used=1959Kb max_used=1967Kb free=243800Kb
 bounds [0x00000000031f0000, 0x0000000003460000, 0x00000000121f0000]
 total_blobs=673 nmethods=396 adapters=191
 compilation: enabled

Compilation events (10 events):
Event: 0.390 Thread 0x000000001ea59000 nmethod 392 0x00000000033d7410 code [0x00000000033d7640, 0x00000000033d8238]
Event: 0.393 Thread 0x000000001ea59000  394   !   3       sun.reflect.generics.parser.SignatureParser::current (40 bytes)
Event: 0.393 Thread 0x000000001ea59000 nmethod 394 0x00000000033d8650 code [0x00000000033d87c0, 0x00000000033d8990]
Event: 0.393 Thread 0x000000001ea59000  395       3       java.util.BitSet::get (69 bytes)
Event: 0.394 Thread 0x000000001ea59000 nmethod 395 0x00000000033d8ad0 code [0x00000000033d8cc0, 0x00000000033d9688]
Event: 0.397 Thread 0x000000001ea45800  396       4       java.util.concurrent.ConcurrentHashMap::tabAt (21 bytes)
Event: 0.397 Thread 0x000000001ea59000  397       3       java.util.concurrent.ConcurrentHashMap$Node::<init> (26 bytes)
Event: 0.398 Thread 0x000000001ea59000 nmethod 397 0x00000000033d9b10 code [0x00000000033d9c60, 0x00000000033d9e70]
Event: 0.398 Thread 0x000000001ea45800 nmethod 396 0x00000000033dcb90 code [0x00000000033dccc0, 0x00000000033dcd18]
Event: 0.398 Thread 0x000000001ea45800  398   !   4       sun.misc.URLClassPath$JarLoader::getResource (85 bytes)

GC Heap History (0 events):
No events

Deoptimization events (0 events):
No events

Classes redefined (0 events):
No events

Internal exceptions (10 events):
Event: 0.031 Thread 0x00000000030f2800 Exception <a 'java/lang/NoSuchMethodError': Method sun.misc.Unsafe.prefetchRead(Ljava/lang/Object;J)V name or signature does not match> (0x000000076b387fb0) thrown at [C:\src\AOSP-openjdk-git\hotspot\src\share\vm\prims\jni.cpp, line 4013]
Event: 0.129 Thread 0x00000000030f2800 Exception <a 'java/security/PrivilegedActionException'> (0x000000076b4999c8) thrown at [C:\src\AOSP-openjdk-git\hotspot\src\share\vm\prims\jvm.cpp, line 1502]
Event: 0.129 Thread 0x00000000030f2800 Exception <a 'java/security/PrivilegedActionException'> (0x000000076b499bd8) thrown at [C:\src\AOSP-openjdk-git\hotspot\src\share\vm\prims\jvm.cpp, line 1502]
Event: 0.130 Thread 0x00000000030f2800 Exception <a 'java/security/PrivilegedActionException'> (0x000000076b49d788) thrown at [C:\src\AOSP-openjdk-git\hotspot\src\share\vm\prims\jvm.cpp, line 1502]
Event: 0.130 Thread 0x00000000030f2800 Exception <a 'java/security/PrivilegedActionException'> (0x000000076b49d998) thrown at [C:\src\AOSP-openjdk-git\hotspot\src\share\vm\prims\jvm.cpp, line 1502]
Event: 0.130 Thread 0x00000000030f2800 Exception <a 'java/security/PrivilegedActionException'> (0x000000076b49ee98) thrown at [C:\src\AOSP-openjdk-git\hotspot\src\share\vm\prims\jvm.cpp, line 1502]
Event: 0.130 Thread 0x00000000030f2800 Exception <a 'java/security/PrivilegedActionException'> (0x000000076b49f0a8) thrown at [C:\src\AOSP-openjdk-git\hotspot\src\share\vm\prims\jvm.cpp, line 1502]
Event: 0.392 Thread 0x00000000030f2800 Exception <a 'java/lang/ArrayIndexOutOfBoundsException': 100> (0x000000076c1a6d60) thrown at [C:\src\AOSP-openjdk-git\hotspot\src\share\vm\interpreter\interpreterRuntime.cpp, line 368]
Event: 0.392 Thread 0x00000000030f2800 Exception <a 'java/lang/ArrayIndexOutOfBoundsException': 18> (0x000000076c1a7c98) thrown at [C:\src\AOSP-openjdk-git\hotspot\src\share\vm\interpreter\interpreterRuntime.cpp, line 368]
Event: 0.393 Thread 0x00000000030f2800 Exception <a 'java/lang/ArrayIndexOutOfBoundsException': 40> (0x000000076c1a88c8) thrown at [C:\src\AOSP-openjdk-git\hotspot\src\share\vm\interpreter\interpreterRuntime.cpp, line 368]

Events (10 events):
Event: 0.407 loading class sun/reflect/UnsafeQualifiedStaticFieldAccessorImpl done
Event: 0.407 loading class sun/reflect/UnsafeQualifiedStaticObjectFieldAccessorImpl done
Event: 0.407 loading class java/util/logging/LogManager$RootLogger
Event: 0.407 loading class java/util/logging/LogManager$RootLogger done
Event: 0.407 loading class java/util/logging/LogManager$5
Event: 0.407 loading class java/util/logging/LogManager$5 done
Event: 0.407 loading class org/gradle/internal/logging/services/DefaultLoggingManager
Event: 0.407 loading class org/gradle/internal/logging/services/DefaultLoggingManager done
Event: 0.408 loading class org/gradle/internal/logging/services/DefaultLoggingManager$StartableLoggingRouter
Event: 0.408 loading class org/gradle/internal/logging/services/DefaultLoggingManager$StartableLoggingRouter done


Dynamic libraries:
0x00007ff6d6920000 - 0x00007ff6d6951000 	C:\Users\Andy\Downloads\Apps\android studio\jre\bin\java.exe
0x00007ffacf010000 - 0x00007ffacf206000 	C:\WINDOWS\SYSTEM32\ntdll.dll
0x00007fface1d0000 - 0x00007fface28d000 	C:\WINDOWS\System32\KERNEL32.DLL
0x00007ffacc8e0000 - 0x00007ffaccba9000 	C:\WINDOWS\System32\KERNELBASE.dll
0x00007ffac9cf0000 - 0x00007ffac9d80000 	C:\WINDOWS\SYSTEM32\apphelp.dll
0x00007fface9f0000 - 0x00007ffacea9c000 	C:\WINDOWS\System32\ADVAPI32.dll
0x00007ffacd8a0000 - 0x00007ffacd93e000 	C:\WINDOWS\System32\msvcrt.dll
0x00007ffacef30000 - 0x00007ffacefcc000 	C:\Users\Andy\Downloads\Apps\android studio\jre\bin\java.exe
0x00007fface700000 - 0x00007fface82b000 	C:\WINDOWS\System32\KERNELBASE.dll
0x00007fface470000 - 0x00007fface610000 	C:\WINDOWS\System32\USER32.dll
0x00007ffacc750000 - 0x00007ffacc772000 	C:\WINDOWS\System32\RPCRT4.dll
0x00007ffacd7c0000 - 0x00007ffacd7ea000 	C:\WINDOWS\System32\USER32.dll
0x00007ffaccd40000 - 0x00007ffacce4b000 	C:\WINDOWS\System32\win32u.dll
0x00007ffaccfd0000 - 0x00007ffacd06d000 	C:\WINDOWS\System32\msvcp_win.dll
0x00007ffacced0000 - 0x00007ffaccfd0000 	C:\WINDOWS\System32\msvcp_win.dll
0x00007ffabd7f0000 - 0x00007ffabda8b000 	C:\WINDOWS\System32\ucrtbase.dll
0x00007ffacdd70000 - 0x00007ffacdda0000 	C:\WINDOWS\System32\IMM32.DLL
0x0000000068070000 - 0x0000000068142000 	C:\Users\Andy\Downloads\Apps\android studio\jre\jre\bin\msvcr100.dll
0x0000000067820000 - 0x000000006806b000 	C:\Users\Andy\Downloads\Apps\android studio\jre\jre\bin\server\jvm.dll
0x00007ffaceab0000 - 0x00007ffaceab8000 	C:\WINDOWS\System32\PSAPI.DLL
0x00007ffab62a0000 - 0x00007ffab62a9000 	C:\WINDOWS\SYSTEM32\WSOCK32.dll
0x00007ffab70e0000 - 0x00007ffab7107000 	C:\WINDOWS\SYSTEM32\WINMM.dll
0x00007fface840000 - 0x00007fface8ab000 	C:\WINDOWS\System32\WS2_32.dll
0x00007ffac4a40000 - 0x00007ffac4a4a000 	C:\WINDOWS\SYSTEM32\VERSION.dll
0x00007ffabb8e0000 - 0x00007ffabb8ef000 	C:\Users\Andy\Downloads\Apps\android studio\jre\jre\bin\verify.dll
0x00007ffabb860000 - 0x00007ffabb889000 	C:\Users\Andy\Downloads\Apps\android studio\jre\jre\bin\zip.dll
0x00007ffabb840000 - 0x00007ffabb856000 	C:\Users\Andy\Downloads\Apps\android studio\jre\jre\bin\zip.dll
0x00007ffacd070000 - 0x00007ffacd7b3000 	C:\WINDOWS\System32\KERNELBASE.dll
0x00007ffaca890000 - 0x00007ffacb01f000 	C:\WINDOWS\System32\msvcrt.dll
0x00007ffacda10000 - 0x00007ffacdd66000 	C:\WINDOWS\System32\USER32.dll
0x00007ffacc1b0000 - 0x00007ffacc1dc000 	C:\WINDOWS\System32\gdi32full.dll
0x00007fface3c0000 - 0x00007fface46e000 	C:\WINDOWS\System32\ucrtbase.dll
0x00007ffacdda0000 - 0x00007ffacddf5000 	C:\WINDOWS\System32\IMM32.DLL
0x00007ffacc680000 - 0x00007ffacc6a6000 	C:\Users\Andy\Downloads\Apps\android studio\jre\jre\bin\server\jvm.dll
0x00007ffabb5e0000 - 0x00007ffabb5fa000 	C:\Users\Andy\Downloads\Apps\android studio\jre\jre\bin\net.dll
0x00007ffacbf30000 - 0x00007ffacbf9a000 	C:\WINDOWS\SYSTEM32\WINMM.dll
0x00007ffabb5c0000 - 0x00007ffabb5d3000 	C:\WINDOWS\SYSTEM32\VERSION.dll

VM Arguments:
jvm_args: -Dorg.gradle.appname=gradlew 
java_command: org.gradle.wrapper.GradleWrapperMain -q -Ptarget-platform=android-x86 -Ptarget=C:\Users\Andy\Downloads\Tries\vidbuster\vidbusters\lib\main.dart -Ptrack-widget-creation=true -Pfilesystem-scheme=org-dartlang-root -Pdart-defines=flutter.inspector.structuredErrors%3Dtrue assembleDebug
java_class_path (initial): C:\Users\Andy\Downloads\Tries\vidbuster\vidbusters\android\\gradle\wrapper\gradle-wrapper.jar
Launcher Type: SUN_STANDARD

Environment Variables:
JAVA_HOME=C:\Users\Andy\Downloads\Apps\android studio\jre
CLASSPATH=C:\Users\Andy\Downloads\Tries\vidbuster\vidbusters\android\\gradle\wrapper\gradle-wrapper.jar
PATH=C:\app\Andy\product\11.2.0\dbhome_1\bin;C:\Program Files (x86)\Common Files\Oracle\Java\javapath;C:\Program Files\Common Files\Oracle\Java\javapath;C:\Program Files (x86)\Intel\Intel(R) Management Engine Components\iCLS\;C:\Program Files\Intel\Intel(R) Management Engine Components\iCLS\;C:\Windows\system32;C:\Windows;C:\Windows\System32\Wbem;C:\Windows\System32\WindowsPowerShell\v1.0\;C:\Windows\System32\OpenSSH\;C:\Program Files (x86)\Intel\Intel(R) Management Engine Components\DAL;C:\Program Files\Intel\Intel(R) Management Engine Components\DAL;C:\Program Files (x86)\Intel\Intel(R) Management Engine Components\IPT;C:\Program Files\Intel\Intel(R) Management Engine Components\IPT;C:\Program Files (x86)\NVIDIA Corporation\PhysX\Common;C:\WINDOWS\system32;C:\WINDOWS;C:\WINDOWS\System32\Wbem;C:\WINDOWS\System32\WindowsPowerShell\v1.0\;C:\WINDOWS\System32\OpenSSH\;C:\Program Files\Git\cmd;C:\Program Files\dotnet\;C:\Users\Andy\AppData\Local\Microsoft\WindowsApps;C:\Users\Andy\.dotnet\tools;C:\Users\Andy\AppData\Local\Programs\Microsoft VS Code\bin;C:\Users\Andy\Downloads\flutter\bin;
USERNAME=Andy
OS=Windows_NT
PROCESSOR_IDENTIFIER=Intel64 Family 6 Model 158 Stepping 9, GenuineIntel



---------------  S Y S T E M  ---------------

OS: Windows 10.0 , 64 bit Build 19041 (10.0.19041.662)

CPU:total 8 (initial active 8) (4 cores per cpu, 2 threads per core) family 6 model 158 stepping 9, cmov, cx8, fxsr, mmx, sse, sse2, sse3, ssse3, sse4.1, sse4.2, popcnt, avx, avx2, aes, clmul, erms, 3dnowpref, lzcnt, ht, tsc, tscinvbit, bmi1, bmi2, adx

Memory: 4k page, physical 16666788k(5365484k free), swap 18714788k(5124k free)

vm_info: OpenJDK 64-Bit Server VM (25.242-b01) for windows-amd64 JRE (1.8.0_242-release-1644-b01), built by "builder" with MS VC++ 10.0 (VS2010)

time: Sun Jan 24 05:13:44 2021
timezone: Egypt Standard Time
elapsed time: 0 seconds (0d 0h 0m 0s)

